[2026-05-15 13:24:45] [logger] [WARNING] MODEL NOT AVAILABLE | Type: unknown
[2026-05-15 13:31:22] [logger] [ERROR] PREDICT_ERROR: Model not loaded
[2026-05-15 13:31:22] [logger] [ERROR] PREDICT_ERROR: Model not loaded
[2026-05-15 13:31:22] [logger] [ERROR] PREDICT_ERROR: Model not loaded
[2026-05-15 13:31:23] [logger] [ERROR] PREDICT_ERROR: Model not loaded
[2026-05-15 13:31:24] [logger] [ERROR] PREDICT_ERROR: Model not loaded
[2026-05-15 13:31:25] [logger] [ERROR] PREDICT_ERROR: Model not loaded
[2026-05-15 13:31:27] [logger] [ERROR] PREDICT_ERROR: Model not loaded
[2026-05-15 13:36:31] [logger] [ERROR] PREDICT_ERROR: Model not loaded
[2026-05-15 13:36:31] [logger] [ERROR] PREDICT_ERROR: Model not loaded
[2026-05-15 13:36:32] [logger] [ERROR] PREDICT_ERROR: Model not loaded
[2026-05-15 13:36:35] [logger] [ERROR] PREDICT_ERROR: Model not loaded
[2026-05-15 14:00:01] [asyncio] [ERROR] Exception in callback _ProactorBasePipeTransport._call_connection_lost(None)
handle: <Handle _ProactorBasePipeTransport._call_connection_lost(None)>
Traceback (most recent call last):
  File "C:\Users\ordha\AppData\Local\Programs\Python\Python312\Lib\asyncio\events.py", line 88, in _run
    self._context.run(self._callback, *self._args)
  File "C:\Users\ordha\AppData\Local\Programs\Python\Python312\Lib\asyncio\proactor_events.py", line 165, in _call_connection_lost
    self._sock.shutdown(socket.SHUT_RDWR)
ConnectionResetError: [WinError 10054] An existing connection was forcibly closed by the remote host
[2026-05-15 14:00:01] [logger] [ERROR] PREDICT_ERROR: Model not loaded
[2026-05-15 14:00:01] [logger] [ERROR] PREDICT_ERROR: Model not loaded
[2026-05-15 14:00:02] [logger] [ERROR] PREDICT_ERROR: Model not loaded
[2026-05-15 14:00:02] [logger] [ERROR] PREDICT_ERROR: Model not loaded
[2026-05-15 14:00:04] [logger] [ERROR] PREDICT_ERROR: Model not loaded
[2026-05-15 14:00:14] [logger] [ERROR] PREDICT_ERROR: Model not loaded
[2026-05-15 14:00:15] [logger] [ERROR] PREDICT_ERROR: Model not loaded
[2026-05-15 14:00:22] [logger] [ERROR] PREDICT_ERROR: Model not loaded
[2026-05-15 14:00:23] [logger] [ERROR] PREDICT_ERROR: Model not loaded
[2026-05-15 14:00:48] [logger] [ERROR] PREDICT_ERROR: Model not loaded
[2026-05-15 14:01:48] [logger] [ERROR] PREDICT_ERROR: Model not loaded
[2026-05-15 14:01:59] [logger] [ERROR] PREDICT_ERROR: Model not loaded
[2026-05-15 14:01:59] [logger] [ERROR] PREDICT_ERROR: Model not loaded
[2026-05-15 14:02:00] [logger] [ERROR] PREDICT_ERROR: Model not loaded
[2026-05-15 14:02:02] [logger] [ERROR] PREDICT_ERROR: Model not loaded
[2026-05-15 14:02:02] [logger] [ERROR] PREDICT_ERROR: Model not loaded
[2026-05-15 14:02:04] [logger] [ERROR] PREDICT_ERROR: Model not loaded
[2026-05-15 14:02:07] [logger] [ERROR] PREDICT_ERROR: Model not loaded
[2026-05-15 14:02:09] [logger] [ERROR] PREDICT_ERROR: Model not loaded
[2026-05-15 14:02:11] [logger] [ERROR] PREDICT_ERROR: Model not loaded
[2026-05-15 14:02:12] [logger] [ERROR] PREDICT_ERROR: Model not loaded
[2026-05-15 14:02:13] [logger] [ERROR] PREDICT_ERROR: Model not loaded
[2026-05-15 14:02:14] [logger] [ERROR] PREDICT_ERROR: Model not loaded
[2026-05-15 14:02:16] [logger] [ERROR] PREDICT_ERROR: Model not loaded
[2026-05-15 14:02:17] [logger] [ERROR] PREDICT_ERROR: Model not loaded
[2026-05-15 14:02:19] [logger] [ERROR] PREDICT_ERROR: Model not loaded
[2026-05-15 14:02:21] [logger] [ERROR] PREDICT_ERROR: Model not loaded
[2026-05-15 14:02:22] [logger] [ERROR] PREDICT_ERROR: Model not loaded
[2026-05-15 14:02:23] [logger] [ERROR] PREDICT_ERROR: Model not loaded
[2026-05-15 14:02:26] [logger] [ERROR] PREDICT_ERROR: Model not loaded
[2026-05-15 14:02:28] [logger] [ERROR] PREDICT_ERROR: Model not loaded
[2026-05-15 14:02:30] [logger] [ERROR] PREDICT_ERROR: Model not loaded
[2026-05-15 14:02:31] [logger] [ERROR] PREDICT_ERROR: Model not loaded
[2026-05-15 14:02:33] [logger] [ERROR] PREDICT_ERROR: Model not loaded
[2026-05-15 14:02:35] [logger] [ERROR] PREDICT_ERROR: Model not loaded
[2026-05-15 14:02:38] [logger] [ERROR] PREDICT_ERROR: Model not loaded
[2026-05-15 14:02:39] [logger] [ERROR] PREDICT_ERROR: Model not loaded
[2026-05-15 14:02:40] [logger] [ERROR] PREDICT_ERROR: Model not loaded
[2026-05-15 14:02:43] [logger] [ERROR] PREDICT_ERROR: Model not loaded
[2026-05-15 14:02:45] [logger] [ERROR] PREDICT_ERROR: Model not loaded
[2026-05-15 14:02:47] [logger] [ERROR] PREDICT_ERROR: Model not loaded
[2026-05-15 14:02:48] [logger] [ERROR] PREDICT_ERROR: Model not loaded
[2026-05-15 14:02:50] [logger] [ERROR] PREDICT_ERROR: Model not loaded
[2026-05-15 14:02:52] [logger] [ERROR] PREDICT_ERROR: Model not loaded
[2026-05-15 14:02:55] [logger] [ERROR] PREDICT_ERROR: Model not loaded
[2026-05-15 14:02:56] [logger] [ERROR] PREDICT_ERROR: Model not loaded
[2026-05-15 14:02:57] [logger] [ERROR] PREDICT_ERROR: Model not loaded
[2026-05-15 14:11:56] [asyncio] [ERROR] Exception in callback _ProactorBasePipeTransport._call_connection_lost(None)
handle: <Handle _ProactorBasePipeTransport._call_connection_lost(None)>
Traceback (most recent call last):
  File "C:\Users\ordha\AppData\Local\Programs\Python\Python312\Lib\asyncio\events.py", line 88, in _run
    self._context.run(self._callback, *self._args)
  File "C:\Users\ordha\AppData\Local\Programs\Python\Python312\Lib\asyncio\proactor_events.py", line 165, in _call_connection_lost
    self._sock.shutdown(socket.SHUT_RDWR)
ConnectionResetError: [WinError 10054] An existing connection was forcibly closed by the remote host
[2026-05-15 14:11:56] [logger] [ERROR] PREDICT_ERROR: Model not loaded
[2026-05-15 14:11:56] [logger] [ERROR] PREDICT_ERROR: Model not loaded
[2026-05-15 14:11:57] [logger] [ERROR] PREDICT_ERROR: Model not loaded
[2026-05-15 14:11:59] [logger] [ERROR] PREDICT_ERROR: Model not loaded
[2026-05-15 14:12:05] [logger] [ERROR] PREDICT_ERROR: Model not loaded
[2026-05-15 14:12:05] [logger] [ERROR] PREDICT_ERROR: Model not loaded
[2026-05-15 14:12:05] [logger] [ERROR] PREDICT_ERROR: Model not loaded
[2026-05-15 14:12:07] [logger] [ERROR] PREDICT_ERROR: Model not loaded
[2026-05-15 14:12:10] [logger] [ERROR] PREDICT_ERROR: Model not loaded
[2026-05-15 14:12:12] [logger] [ERROR] PREDICT_ERROR: Model not loaded
[2026-05-15 14:12:14] [logger] [ERROR] PREDICT_ERROR: Model not loaded
[2026-05-15 14:12:17] [logger] [ERROR] PREDICT_ERROR: Model not loaded
[2026-05-15 14:12:19] [logger] [ERROR] PREDICT_ERROR: Model not loaded
[2026-05-15 14:12:19] [logger] [ERROR] PREDICT_ERROR: Model not loaded
[2026-05-15 14:12:22] [logger] [ERROR] PREDICT_ERROR: Model not loaded
[2026-05-15 14:12:24] [logger] [ERROR] PREDICT_ERROR: Model not loaded
[2026-05-15 14:12:24] [logger] [ERROR] PREDICT_ERROR: Model not loaded
[2026-05-15 14:12:27] [logger] [ERROR] PREDICT_ERROR: Model not loaded
[2026-05-15 14:12:28] [logger] [ERROR] PREDICT_ERROR: Model not loaded
[2026-05-15 14:12:30] [logger] [ERROR] PREDICT_ERROR: Model not loaded
[2026-05-15 14:12:32] [logger] [ERROR] PREDICT_ERROR: Model not loaded
[2026-05-15 14:12:35] [logger] [ERROR] PREDICT_ERROR: Model not loaded
[2026-05-15 14:12:37] [logger] [ERROR] PREDICT_ERROR: Model not loaded
[2026-05-15 14:12:39] [logger] [ERROR] PREDICT_ERROR: Model not loaded
[2026-05-15 14:12:39] [logger] [ERROR] PREDICT_ERROR: Model not loaded
[2026-05-15 14:12:42] [logger] [ERROR] PREDICT_ERROR: Model not loaded
[2026-05-15 14:12:44] [logger] [ERROR] PREDICT_ERROR: Model not loaded
[2026-05-15 14:12:47] [logger] [ERROR] PREDICT_ERROR: Model not loaded
[2026-05-15 14:12:48] [logger] [ERROR] PREDICT_ERROR: Model not loaded
[2026-05-15 14:12:49] [logger] [ERROR] PREDICT_ERROR: Model not loaded
[2026-05-15 14:12:49] [logger] [ERROR] PREDICT_ERROR: Model not loaded
[2026-05-15 14:12:51] [logger] [ERROR] PREDICT_ERROR: Model not loaded
[2026-05-15 14:12:54] [logger] [ERROR] PREDICT_ERROR: Model not loaded
[2026-05-15 14:12:56] [logger] [ERROR] PREDICT_ERROR: Model not loaded
[2026-05-15 14:12:59] [logger] [ERROR] PREDICT_ERROR: Model not loaded
[2026-05-15 14:12:59] [logger] [ERROR] PREDICT_ERROR: Model not loaded
[2026-05-15 14:13:01] [logger] [ERROR] PREDICT_ERROR: Model not loaded
[2026-05-15 14:13:03] [logger] [ERROR] PREDICT_ERROR: Model not loaded
[2026-05-15 14:13:06] [logger] [ERROR] PREDICT_ERROR: Model not loaded
[2026-05-15 14:13:08] [logger] [ERROR] PREDICT_ERROR: Model not loaded
[2026-05-15 14:13:09] [logger] [ERROR] PREDICT_ERROR: Model not loaded
[2026-05-15 14:13:11] [logger] [ERROR] PREDICT_ERROR: Model not loaded
[2026-05-15 14:13:13] [logger] [ERROR] PREDICT_ERROR: Model not loaded
[2026-05-15 14:13:15] [logger] [ERROR] PREDICT_ERROR: Model not loaded
[2026-05-15 14:13:18] [logger] [ERROR] PREDICT_ERROR: Model not loaded
[2026-05-15 14:13:19] [logger] [ERROR] PREDICT_ERROR: Model not loaded
[2026-05-15 14:13:20] [logger] [ERROR] PREDICT_ERROR: Model not loaded
[2026-05-15 14:13:23] [logger] [ERROR] PREDICT_ERROR: Model not loaded
[2026-05-15 14:13:25] [logger] [ERROR] PREDICT_ERROR: Model not loaded
[2026-05-15 14:13:27] [logger] [ERROR] PREDICT_ERROR: Model not loaded
[2026-05-15 14:13:30] [logger] [ERROR] PREDICT_ERROR: Model not loaded
[2026-05-15 14:13:32] [logger] [ERROR] PREDICT_ERROR: Model not loaded
[2026-05-15 14:13:33] [logger] [ERROR] PREDICT_ERROR: Model not loaded
[2026-05-15 14:13:35] [logger] [ERROR] PREDICT_ERROR: Model not loaded
[2026-05-15 14:13:37] [logger] [ERROR] PREDICT_ERROR: Model not loaded
[2026-05-15 14:13:39] [logger] [ERROR] PREDICT_ERROR: Model not loaded
[2026-05-15 14:13:42] [logger] [ERROR] PREDICT_ERROR: Model not loaded
[2026-05-15 14:13:44] [logger] [ERROR] PREDICT_ERROR: Model not loaded
[2026-05-15 14:13:47] [logger] [ERROR] PREDICT_ERROR: Model not loaded
[2026-05-15 14:13:49] [logger] [ERROR] PREDICT_ERROR: Model not loaded
[2026-05-15 14:13:51] [logger] [ERROR] PREDICT_ERROR: Model not loaded
[2026-05-15 14:13:54] [logger] [ERROR] PREDICT_ERROR: Model not loaded
[2026-05-15 14:13:56] [logger] [ERROR] PREDICT_ERROR: Model not loaded
[2026-05-15 14:14:18] [logger] [ERROR] PREDICT_ERROR: Model not loaded
[2026-05-15 14:14:58] [logger] [ERROR] PREDICT_ERROR: Model not loaded
[2026-05-15 14:15:03] [logger] [ERROR] PREDICT_ERROR: Model not loaded
[2026-05-15 14:15:51] [logger] [ERROR] PREDICT_ERROR: Model not loaded
[2026-05-15 14:15:58] [logger] [ERROR] PREDICT_ERROR: Model not loaded
[2026-05-15 14:16:02] [logger] [ERROR] PREDICT_ERROR: Model not loaded
[2026-05-15 14:16:03] [logger] [ERROR] PREDICT_ERROR: Model not loaded
[2026-05-15 14:16:05] [logger] [ERROR] PREDICT_ERROR: Model not loaded
[2026-05-15 14:16:06] [logger] [ERROR] PREDICT_ERROR: Model not loaded
[2026-05-15 14:16:07] [logger] [ERROR] PREDICT_ERROR: Model not loaded
[2026-05-15 14:16:07] [logger] [ERROR] PREDICT_ERROR: Model not loaded
[2026-05-15 14:16:14] [logger] [ERROR] PREDICT_ERROR: Model not loaded
[2026-05-15 14:16:14] [logger] [ERROR] PREDICT_ERROR: Model not loaded
[2026-05-15 14:16:15] [logger] [ERROR] PREDICT_ERROR: Model not loaded
[2026-05-15 14:16:17] [logger] [ERROR] PREDICT_ERROR: Model not loaded
[2026-05-15 14:16:21] [logger] [ERROR] PREDICT_ERROR: Model not loaded
[2026-05-15 14:16:23] [logger] [ERROR] PREDICT_ERROR: Model not loaded
[2026-05-15 14:16:26] [logger] [ERROR] PREDICT_ERROR: Model not loaded
[2026-05-15 14:16:28] [logger] [ERROR] PREDICT_ERROR: Model not loaded
[2026-05-15 14:16:30] [logger] [ERROR] PREDICT_ERROR: Model not loaded
[2026-05-15 14:16:33] [logger] [ERROR] PREDICT_ERROR: Model not loaded
[2026-05-15 14:16:35] [logger] [ERROR] PREDICT_ERROR: Model not loaded
[2026-05-15 14:16:37] [logger] [ERROR] PREDICT_ERROR: Model not loaded
[2026-05-15 14:16:40] [logger] [ERROR] PREDICT_ERROR: Model not loaded
[2026-05-15 14:16:42] [logger] [ERROR] PREDICT_ERROR: Model not loaded
[2026-05-15 14:16:45] [logger] [ERROR] PREDICT_ERROR: Model not loaded
[2026-05-15 14:16:47] [logger] [ERROR] PREDICT_ERROR: Model not loaded
[2026-05-15 14:16:50] [logger] [ERROR] PREDICT_ERROR: Model not loaded
[2026-05-15 14:16:52] [logger] [ERROR] PREDICT_ERROR: Model not loaded
[2026-05-15 14:16:54] [logger] [ERROR] PREDICT_ERROR: Model not loaded
[2026-05-15 14:16:56] [logger] [ERROR] PREDICT_ERROR: Model not loaded
[2026-05-15 14:16:57] [logger] [ERROR] PREDICT_ERROR: Model not loaded
[2026-05-15 14:16:59] [logger] [ERROR] PREDICT_ERROR: Model not loaded
[2026-05-15 14:17:01] [logger] [ERROR] PREDICT_ERROR: Model not loaded
[2026-05-15 14:17:04] [logger] [ERROR] PREDICT_ERROR: Model not loaded
[2026-05-15 14:17:06] [logger] [ERROR] PREDICT_ERROR: Model not loaded
[2026-05-15 14:17:09] [logger] [ERROR] PREDICT_ERROR: Model not loaded
[2026-05-15 14:17:11] [logger] [ERROR] PREDICT_ERROR: Model not loaded
[2026-05-15 14:17:14] [logger] [ERROR] PREDICT_ERROR: Model not loaded
[2026-05-15 14:17:16] [logger] [ERROR] PREDICT_ERROR: Model not loaded
[2026-05-15 14:17:18] [logger] [ERROR] PREDICT_ERROR: Model not loaded
[2026-05-15 14:17:21] [logger] [ERROR] PREDICT_ERROR: Model not loaded
[2026-05-15 14:17:23] [logger] [ERROR] PREDICT_ERROR: Model not loaded
[2026-05-15 14:17:26] [logger] [ERROR] PREDICT_ERROR: Model not loaded
[2026-05-15 14:17:28] [logger] [ERROR] PREDICT_ERROR: Model not loaded
[2026-05-15 14:17:30] [logger] [ERROR] PREDICT_ERROR: Model not loaded
[2026-05-15 14:17:33] [logger] [ERROR] PREDICT_ERROR: Model not loaded
[2026-05-15 14:17:35] [logger] [ERROR] PREDICT_ERROR: Model not loaded
[2026-05-15 14:17:38] [logger] [ERROR] PREDICT_ERROR: Model not loaded
[2026-05-15 14:17:40] [logger] [ERROR] PREDICT_ERROR: Model not loaded
[2026-05-15 14:17:41] [logger] [ERROR] PREDICT_ERROR: Model not loaded
[2026-05-15 14:17:42] [logger] [ERROR] PREDICT_ERROR: Model not loaded
[2026-05-15 14:17:45] [logger] [ERROR] PREDICT_ERROR: Model not loaded
[2026-05-15 14:17:47] [logger] [ERROR] PREDICT_ERROR: Model not loaded
[2026-05-15 14:17:50] [logger] [ERROR] PREDICT_ERROR: Model not loaded
[2026-05-15 14:17:52] [logger] [ERROR] PREDICT_ERROR: Model not loaded
[2026-05-15 14:17:54] [logger] [ERROR] PREDICT_ERROR: Model not loaded
[2026-05-15 14:17:57] [logger] [ERROR] PREDICT_ERROR: Model not loaded
[2026-05-15 14:17:59] [logger] [ERROR] PREDICT_ERROR: Model not loaded
[2026-05-15 14:18:26] [logger] [ERROR] PREDICT_ERROR: Model not loaded
[2026-05-15 14:18:33] [logger] [ERROR] PREDICT_ERROR: Model not loaded
[2026-05-15 14:18:43] [logger] [ERROR] PREDICT_ERROR: Model not loaded
[2026-05-15 14:18:44] [logger] [ERROR] PREDICT_ERROR: Model not loaded
[2026-05-15 14:18:53] [logger] [ERROR] PREDICT_ERROR: Model not loaded
[2026-05-15 14:18:53] [logger] [ERROR] PREDICT_ERROR: Model not loaded
[2026-05-15 14:18:54] [logger] [ERROR] PREDICT_ERROR: Model not loaded
[2026-05-15 14:18:56] [logger] [ERROR] PREDICT_ERROR: Model not loaded
[2026-05-15 14:18:57] [logger] [ERROR] PREDICT_ERROR: Model not loaded
[2026-05-15 14:18:59] [logger] [ERROR] PREDICT_ERROR: Model not loaded
[2026-05-15 14:19:00] [logger] [ERROR] PREDICT_ERROR: Model not loaded
[2026-05-15 14:19:23] [logger] [ERROR] PREDICT_ERROR: Model not loaded
[2026-05-15 14:19:23] [logger] [ERROR] PREDICT_ERROR: Model not loaded
[2026-05-15 14:19:25] [logger] [ERROR] PREDICT_ERROR: Model not loaded
[2026-05-15 14:19:28] [logger] [ERROR] PREDICT_ERROR: Model not loaded
[2026-05-15 14:19:30] [logger] [ERROR] PREDICT_ERROR: Model not loaded
[2026-05-15 14:19:32] [logger] [ERROR] PREDICT_ERROR: Model not loaded
[2026-05-15 14:19:33] [logger] [ERROR] PREDICT_ERROR: Model not loaded
[2026-05-15 14:19:35] [logger] [ERROR] PREDICT_ERROR: Model not loaded
[2026-05-15 14:19:37] [logger] [ERROR] PREDICT_ERROR: Model not loaded
[2026-05-15 14:19:40] [logger] [ERROR] PREDICT_ERROR: Model not loaded
[2026-05-15 14:19:42] [logger] [ERROR] PREDICT_ERROR: Model not loaded
[2026-05-15 14:19:45] [logger] [ERROR] PREDICT_ERROR: Model not loaded
[2026-05-15 14:19:47] [logger] [ERROR] PREDICT_ERROR: Model not loaded
[2026-05-15 14:19:49] [logger] [ERROR] PREDICT_ERROR: Model not loaded
[2026-05-15 14:19:52] [logger] [ERROR] PREDICT_ERROR: Model not loaded
[2026-05-15 14:19:54] [logger] [ERROR] PREDICT_ERROR: Model not loaded
[2026-05-15 14:19:57] [logger] [ERROR] PREDICT_ERROR: Model not loaded
[2026-05-15 14:19:59] [logger] [ERROR] PREDICT_ERROR: Model not loaded
[2026-05-15 14:20:01] [logger] [ERROR] PREDICT_ERROR: Model not loaded
[2026-05-15 14:20:04] [logger] [ERROR] PREDICT_ERROR: Model not loaded
[2026-05-15 14:20:06] [logger] [ERROR] PREDICT_ERROR: Model not loaded
[2026-05-15 14:20:09] [logger] [ERROR] PREDICT_ERROR: Model not loaded
[2026-05-15 14:20:11] [logger] [ERROR] PREDICT_ERROR: Model not loaded
[2026-05-15 14:20:13] [logger] [ERROR] PREDICT_ERROR: Model not loaded
[2026-05-15 14:20:16] [logger] [ERROR] PREDICT_ERROR: Model not loaded
[2026-05-15 14:20:17] [logger] [ERROR] PREDICT_ERROR: Model not loaded
[2026-05-15 14:20:18] [logger] [ERROR] PREDICT_ERROR: Model not loaded
[2026-05-15 14:20:21] [logger] [ERROR] PREDICT_ERROR: Model not loaded
[2026-05-15 14:20:23] [logger] [ERROR] PREDICT_ERROR: Model not loaded
[2026-05-15 14:20:25] [logger] [ERROR] PREDICT_ERROR: Model not loaded
[2026-05-15 14:20:28] [logger] [ERROR] PREDICT_ERROR: Model not loaded
[2026-05-15 14:20:30] [logger] [ERROR] PREDICT_ERROR: Model not loaded
[2026-05-15 14:20:33] [logger] [ERROR] PREDICT_ERROR: Model not loaded
[2026-05-15 14:20:35] [logger] [ERROR] PREDICT_ERROR: Model not loaded
[2026-05-15 14:20:37] [logger] [ERROR] PREDICT_ERROR: Model not loaded
[2026-05-15 14:20:40] [logger] [ERROR] PREDICT_ERROR: Model not loaded
[2026-05-15 14:20:42] [logger] [ERROR] PREDICT_ERROR: Model not loaded
[2026-05-15 14:20:45] [logger] [ERROR] PREDICT_ERROR: Model not loaded
[2026-05-15 14:20:47] [logger] [ERROR] PREDICT_ERROR: Model not loaded
[2026-05-15 14:20:49] [logger] [ERROR] PREDICT_ERROR: Model not loaded
[2026-05-15 14:20:52] [logger] [ERROR] PREDICT_ERROR: Model not loaded
[2026-05-15 14:20:54] [logger] [ERROR] PREDICT_ERROR: Model not loaded
[2026-05-15 14:20:57] [logger] [ERROR] PREDICT_ERROR: Model not loaded
[2026-05-15 14:20:59] [logger] [ERROR] PREDICT_ERROR: Model not loaded
[2026-05-15 14:21:01] [logger] [ERROR] PREDICT_ERROR: Model not loaded
[2026-05-15 14:21:02] [logger] [ERROR] PREDICT_ERROR: Model not loaded
[2026-05-15 14:23:28] [logger] [ERROR] PREDICT_ERROR: Model not loaded
[2026-05-15 14:23:28] [logger] [ERROR] PREDICT_ERROR: Model not loaded
[2026-05-15 14:37:45] [logger] [ERROR] PREDICT_ERROR: Model not loaded
[2026-05-15 14:37:45] [logger] [ERROR] PREDICT_ERROR: Model not loaded
[2026-05-15 14:37:55] [logger] [ERROR] PREDICT_ERROR: Model not loaded
[2026-05-15 14:37:55] [logger] [ERROR] PREDICT_ERROR: Model not loaded
[2026-05-15 14:37:57] [logger] [ERROR] PREDICT_ERROR: Model not loaded
[2026-05-15 14:37:59] [logger] [ERROR] PREDICT_ERROR: Model not loaded
[2026-05-15 14:38:02] [logger] [ERROR] PREDICT_ERROR: Model not loaded
[2026-05-15 14:38:04] [logger] [ERROR] PREDICT_ERROR: Model not loaded
[2026-05-15 14:38:06] [logger] [ERROR] PREDICT_ERROR: Model not loaded
[2026-05-15 14:38:06] [logger] [ERROR] PREDICT_ERROR: Model not loaded
[2026-05-15 14:38:09] [logger] [ERROR] PREDICT_ERROR: Model not loaded
[2026-05-15 14:43:49] [logger] [ERROR] PREDICT_ERROR: Model not loaded
[2026-05-15 14:43:49] [logger] [ERROR] PREDICT_ERROR: Model not loaded
[2026-05-15 14:43:50] [logger] [ERROR] PREDICT_ERROR: Model not loaded
[2026-05-15 14:43:50] [logger] [ERROR] PREDICT_ERROR: Model not loaded
[2026-05-15 14:56:01] [logger] [ERROR] PREDICT_ERROR: Model not loaded
[2026-05-15 14:56:01] [logger] [ERROR] PREDICT_ERROR: Model not loaded
[2026-05-15 14:56:02] [logger] [ERROR] PREDICT_ERROR: Model not loaded
[2026-05-15 14:56:04] [logger] [ERROR] PREDICT_ERROR: Model not loaded
[2026-05-15 14:56:05] [logger] [ERROR] PREDICT_ERROR: Model not loaded
[2026-05-15 14:56:06] [logger] [ERROR] PREDICT_ERROR: Model not loaded
[2026-05-15 14:56:09] [logger] [ERROR] PREDICT_ERROR: Model not loaded
[2026-05-15 14:56:11] [logger] [ERROR] PREDICT_ERROR: Model not loaded
[2026-05-15 14:56:12] [logger] [ERROR] PREDICT_ERROR: Model not loaded
[2026-05-15 14:56:14] [logger] [ERROR] PREDICT_ERROR: Model not loaded
[2026-05-15 14:56:16] [logger] [ERROR] PREDICT_ERROR: Model not loaded
[2026-05-15 14:56:18] [logger] [ERROR] PREDICT_ERROR: Model not loaded
[2026-05-15 14:56:21] [logger] [ERROR] PREDICT_ERROR: Model not loaded
[2026-05-15 14:56:23] [logger] [ERROR] PREDICT_ERROR: Model not loaded
[2026-05-15 14:56:26] [logger] [ERROR] PREDICT_ERROR: Model not loaded
[2026-05-15 14:56:28] [logger] [ERROR] PREDICT_ERROR: Model not loaded
[2026-05-15 14:56:30] [logger] [ERROR] PREDICT_ERROR: Model not loaded
[2026-05-15 14:56:33] [logger] [ERROR] PREDICT_ERROR: Model not loaded
[2026-05-15 14:56:35] [logger] [ERROR] PREDICT_ERROR: Model not loaded
[2026-05-15 14:56:35] [logger] [ERROR] PREDICT_ERROR: Model not loaded
[2026-05-15 14:56:37] [logger] [ERROR] PREDICT_ERROR: Model not loaded
[2026-05-15 14:56:38] [logger] [ERROR] PREDICT_ERROR: Model not loaded
[2026-05-15 14:56:38] [logger] [ERROR] PREDICT_ERROR: Model not loaded
[2026-05-15 14:56:40] [logger] [ERROR] PREDICT_ERROR: Model not loaded
[2026-05-15 14:56:42] [logger] [ERROR] PREDICT_ERROR: Model not loaded
[2026-05-15 14:56:45] [logger] [ERROR] PREDICT_ERROR: Model not loaded
[2026-05-15 14:56:47] [logger] [ERROR] PREDICT_ERROR: Model not loaded
[2026-05-15 14:56:47] [logger] [ERROR] PREDICT_ERROR: Model not loaded
[2026-05-15 14:56:50] [logger] [ERROR] PREDICT_ERROR: Model not loaded
[2026-05-15 14:56:52] [logger] [ERROR] PREDICT_ERROR: Model not loaded
[2026-05-15 14:56:54] [logger] [ERROR] PREDICT_ERROR: Model not loaded
[2026-05-15 14:56:54] [logger] [ERROR] PREDICT_ERROR: Model not loaded
[2026-05-15 14:56:57] [logger] [ERROR] PREDICT_ERROR: Model not loaded
[2026-05-15 14:56:59] [logger] [ERROR] PREDICT_ERROR: Model not loaded
[2026-05-15 14:57:02] [logger] [ERROR] PREDICT_ERROR: Model not loaded
[2026-05-15 14:57:02] [logger] [ERROR] PREDICT_ERROR: Model not loaded
[2026-05-15 14:57:04] [logger] [ERROR] PREDICT_ERROR: Model not loaded
[2026-05-15 14:57:06] [logger] [ERROR] PREDICT_ERROR: Model not loaded
[2026-05-15 14:57:09] [logger] [ERROR] PREDICT_ERROR: Model not loaded
[2026-05-15 14:57:11] [logger] [ERROR] PREDICT_ERROR: Model not loaded
[2026-05-15 14:57:14] [logger] [ERROR] PREDICT_ERROR: Model not loaded
[2026-05-15 14:57:16] [logger] [ERROR] PREDICT_ERROR: Model not loaded
